<?xml version="1.0" encoding="UTF-8"?>
<!-- Generated by org.testng.reporters.JUnitReportReporter -->
<testsuite skipped="0" hostname="TNQ-LTP-239" name="MavenDemoTest.MavenDemoTest.TestDemo2" tests="2" failures="0" timestamp="05 Dec 2017 12:41:34 GMT" time="0.016" errors="0">
  <testcase name="dem41" time="0.016" classname="MavenDemoTest.MavenDemoTest.TestDemo2"/>
  <testcase name="demo3" time="0.000" classname="MavenDemoTest.MavenDemoTest.TestDemo2"/>
</testsuite> <!-- MavenDemoTest.MavenDemoTest.TestDemo2 -->
